2014-09-10 10:42:45 Server:Workerman is shutting down
2014-09-10 10:42:46 Server:Workerman stoped
2014-09-10 10:42:49 Server:Workerman is starting ...
2014-09-10 10:42:49 Server:[1A
[KWorkerman start success ...[0m
2014-09-10 13:29:09 Server:Workerman is starting ...
2014-09-10 13:29:09 Server:[33;40mWorkerman already started[0m
2014-09-10 13:29:25 Server:Workerman is starting ...
2014-09-10 13:29:25 Server:[33;40mWorkerman already started[0m
2014-09-10 13:29:43 Server:Workerman is starting ...
2014-09-10 13:29:43 Server:[33;40mWorkerman already started[0m
2014-09-10 13:30:00 Server:Workerman is starting ...
2014-09-10 13:30:00 Server:[33;40mWorkerman already started[0m
2014-09-10 13:30:18 Server:Workerman is starting ...
2014-09-10 13:30:18 Server:[33;40mWorkerman already started[0m
2014-09-10 13:30:42 Server:Workerman is starting ...
2014-09-10 13:30:42 Server:[33;40mWorkerman already started[0m
2014-09-10 13:31:24 Server:Workerman is starting ...
2014-09-10 13:31:24 Server:[33;40mWorkerman already started[0m
2014-09-10 13:31:29 Server:Workerman is starting ...
2014-09-10 13:31:29 Server:[33;40mWorkerman already started[0m
2014-09-10 13:31:52 Server:Workerman is starting ...
2014-09-10 13:31:52 Server:[33;40mWorkerman already started[0m
2014-09-10 13:32:09 Server:Workerman is starting ...
2014-09-10 13:32:09 Server:[33;40mWorkerman already started[0m
2014-09-10 13:32:29 Server:Workerman is starting ...
2014-09-10 13:32:29 Server:[33;40mWorkerman already started[0m
2014-09-10 13:32:52 Server:Workerman is starting ...
2014-09-10 13:32:52 Server:[33;40mWorkerman already started[0m
2014-09-10 13:40:17 Server:Workerman is starting ...
2014-09-10 13:40:17 Server:[33;40mWorkerman already started[0m
2014-09-10 13:42:16 Server:Workerman is starting ...
2014-09-10 13:42:16 Server:[33;40mWorkerman already started[0m
2014-09-10 13:43:09 Server:Workerman is starting ...
2014-09-10 13:43:09 Server:[33;40mWorkerman already started[0m
2014-09-10 13:43:16 Server:Workerman is starting ...
2014-09-10 13:43:16 Server:[33;40mWorkerman already started[0m
2014-09-10 13:46:36 Server:Workerman is starting ...
2014-09-10 13:46:36 Server:[33;40mWorkerman already started[0m
2014-09-10 13:47:02 Server:Workerman is starting ...
2014-09-10 13:47:02 Server:[33;40mWorkerman already started[0m
2014-09-10 13:47:16 Server:Workerman is starting ...
2014-09-10 13:47:16 Server:[33;40mWorkerman already started[0m
2014-09-10 13:49:46 Server:Workerman is starting ...
2014-09-10 13:49:46 Server:[33;40mWorkerman already started[0m
2014-09-10 13:51:31 Server:Workerman is starting ...
2014-09-10 13:51:31 Server:[33;40mWorkerman already started[0m
2014-09-10 13:53:18 Server:Workerman is starting ...
2014-09-10 13:53:18 Server:[33;40mWorkerman already started[0m
2014-09-10 13:53:31 Server:Workerman is starting ...
2014-09-10 13:53:31 Server:[33;40mWorkerman already started[0m
2014-09-10 13:58:54 Server:Workerman is starting ...
2014-09-10 13:58:54 Server:[33;40mWorkerman already started[0m
2014-09-10 14:00:06 Server:Workerman is starting ...
2014-09-10 14:00:06 Server:[33;40mWorkerman already started[0m
2014-09-10 14:00:25 Server:Workerman is shutting down
2014-09-10 14:00:25 Server:Workerman stoped
2014-09-10 14:00:28 Server:Workerman is starting ...
2014-09-10 14:00:28 Server:[1A
[KWorkerman start success ...[0m
2014-09-10 14:15:36 Server:Workerman is starting ...
2014-09-10 14:15:36 Server:[1A
[KWorkerman start success ...[0m
