2014-09-05 00:00:48 Worker[Monitor]:can not get master status
2014-09-05 00:01:48 Worker[Monitor]:can not get master status
2014-09-05 00:02:48 Worker[Monitor]:can not get master status
2014-09-05 00:03:48 Worker[Monitor]:can not get master status
2014-09-05 00:04:48 Worker[Monitor]:can not get master status
2014-09-05 00:05:48 Worker[Monitor]:can not get master status
2014-09-05 00:06:48 Worker[Monitor]:can not get master status
2014-09-05 00:07:48 Worker[Monitor]:can not get master status
2014-09-05 00:08:48 Worker[Monitor]:can not get master status
2014-09-05 00:09:48 Worker[Monitor]:can not get master status
2014-09-05 00:10:48 Worker[Monitor]:can not get master status
2014-09-05 00:11:48 Worker[Monitor]:can not get master status
2014-09-05 00:12:48 Worker[Monitor]:can not get master status
2014-09-05 00:13:48 Worker[Monitor]:can not get master status
2014-09-05 00:14:48 Worker[Monitor]:can not get master status
2014-09-05 00:15:48 Worker[Monitor]:can not get master status
2014-09-05 00:16:48 Worker[Monitor]:can not get master status
2014-09-05 00:17:48 Worker[Monitor]:can not get master status
2014-09-05 00:18:48 Worker[Monitor]:can not get master status
2014-09-05 00:19:48 Worker[Monitor]:can not get master status
2014-09-05 00:20:48 Worker[Monitor]:can not get master status
2014-09-05 00:21:48 Worker[Monitor]:can not get master status
2014-09-05 00:22:48 Worker[Monitor]:can not get master status
2014-09-05 00:23:48 Worker[Monitor]:can not get master status
2014-09-05 00:24:48 Worker[Monitor]:can not get master status
2014-09-05 00:25:48 Worker[Monitor]:can not get master status
2014-09-05 00:26:48 Worker[Monitor]:can not get master status
2014-09-05 00:27:48 Worker[Monitor]:can not get master status
2014-09-05 00:28:48 Worker[Monitor]:can not get master status
2014-09-05 00:29:48 Worker[Monitor]:can not get master status
2014-09-05 00:30:48 Worker[Monitor]:can not get master status
2014-09-05 00:31:48 Worker[Monitor]:can not get master status
2014-09-05 00:32:48 Worker[Monitor]:can not get master status
2014-09-05 00:33:48 Worker[Monitor]:can not get master status
2014-09-05 00:34:48 Worker[Monitor]:can not get master status
2014-09-05 00:35:48 Worker[Monitor]:can not get master status
2014-09-05 00:36:48 Worker[Monitor]:can not get master status
2014-09-05 00:37:48 Worker[Monitor]:can not get master status
2014-09-05 00:38:48 Worker[Monitor]:can not get master status
2014-09-05 00:39:48 Worker[Monitor]:can not get master status
2014-09-05 00:40:48 Worker[Monitor]:can not get master status
2014-09-05 00:41:48 Worker[Monitor]:can not get master status
2014-09-05 00:42:48 Worker[Monitor]:can not get master status
2014-09-05 00:43:48 Worker[Monitor]:can not get master status
2014-09-05 00:44:48 Worker[Monitor]:can not get master status
2014-09-05 00:45:48 Worker[Monitor]:can not get master status
2014-09-05 00:46:48 Worker[Monitor]:can not get master status
2014-09-05 00:47:48 Worker[Monitor]:can not get master status
2014-09-05 00:48:48 Worker[Monitor]:can not get master status
2014-09-05 00:49:48 Worker[Monitor]:can not get master status
2014-09-05 00:50:48 Worker[Monitor]:can not get master status
2014-09-05 00:51:48 Worker[Monitor]:can not get master status
2014-09-05 00:52:48 Worker[Monitor]:can not get master status
2014-09-05 00:53:48 Worker[Monitor]:can not get master status
2014-09-05 00:54:48 Worker[Monitor]:can not get master status
2014-09-05 00:55:48 Worker[Monitor]:can not get master status
2014-09-05 00:56:48 Worker[Monitor]:can not get master status
2014-09-05 00:57:48 Worker[Monitor]:can not get master status
2014-09-05 00:58:48 Worker[Monitor]:can not get master status
2014-09-05 00:59:48 Worker[Monitor]:can not get master status
2014-09-05 01:00:48 Worker[Monitor]:can not get master status
2014-09-05 01:01:48 Worker[Monitor]:can not get master status
2014-09-05 01:02:48 Worker[Monitor]:can not get master status
2014-09-05 01:03:48 Worker[Monitor]:can not get master status
2014-09-05 01:04:48 Worker[Monitor]:can not get master status
2014-09-05 01:05:48 Worker[Monitor]:can not get master status
2014-09-05 01:06:48 Worker[Monitor]:can not get master status
2014-09-05 01:07:48 Worker[Monitor]:can not get master status
2014-09-05 01:08:48 Worker[Monitor]:can not get master status
2014-09-05 01:09:48 Worker[Monitor]:can not get master status
2014-09-05 01:10:48 Worker[Monitor]:can not get master status
2014-09-05 01:11:48 Worker[Monitor]:can not get master status
2014-09-05 01:12:48 Worker[Monitor]:can not get master status
2014-09-05 01:13:48 Worker[Monitor]:can not get master status
2014-09-05 01:14:48 Worker[Monitor]:can not get master status
2014-09-05 01:15:48 Worker[Monitor]:can not get master status
2014-09-05 01:16:48 Worker[Monitor]:can not get master status
2014-09-05 01:17:48 Worker[Monitor]:can not get master status
2014-09-05 01:18:48 Worker[Monitor]:can not get master status
2014-09-05 01:19:48 Worker[Monitor]:can not get master status
2014-09-05 01:20:48 Worker[Monitor]:can not get master status
2014-09-05 01:21:48 Worker[Monitor]:can not get master status
2014-09-05 01:22:48 Worker[Monitor]:can not get master status
2014-09-05 01:23:48 Worker[Monitor]:can not get master status
2014-09-05 01:24:48 Worker[Monitor]:can not get master status
2014-09-05 01:25:48 Worker[Monitor]:can not get master status
2014-09-05 01:26:48 Worker[Monitor]:can not get master status
2014-09-05 01:27:48 Worker[Monitor]:can not get master status
2014-09-05 01:28:48 Worker[Monitor]:can not get master status
2014-09-05 01:29:48 Worker[Monitor]:can not get master status
2014-09-05 01:30:48 Worker[Monitor]:can not get master status
2014-09-05 01:31:48 Worker[Monitor]:can not get master status
2014-09-05 01:32:48 Worker[Monitor]:can not get master status
2014-09-05 01:33:48 Worker[Monitor]:can not get master status
2014-09-05 01:34:48 Worker[Monitor]:can not get master status
2014-09-05 01:35:48 Worker[Monitor]:can not get master status
2014-09-05 01:36:48 Worker[Monitor]:can not get master status
2014-09-05 01:37:48 Worker[Monitor]:can not get master status
2014-09-05 01:38:48 Worker[Monitor]:can not get master status
2014-09-05 01:39:48 Worker[Monitor]:can not get master status
2014-09-05 01:40:48 Worker[Monitor]:can not get master status
2014-09-05 01:41:48 Worker[Monitor]:can not get master status
2014-09-05 01:42:48 Worker[Monitor]:can not get master status
2014-09-05 01:43:48 Worker[Monitor]:can not get master status
2014-09-05 01:44:48 Worker[Monitor]:can not get master status
2014-09-05 01:45:48 Worker[Monitor]:can not get master status
2014-09-05 01:46:48 Worker[Monitor]:can not get master status
2014-09-05 01:47:48 Worker[Monitor]:can not get master status
2014-09-05 01:48:48 Worker[Monitor]:can not get master status
2014-09-05 01:49:48 Worker[Monitor]:can not get master status
2014-09-05 01:50:48 Worker[Monitor]:can not get master status
2014-09-05 01:51:48 Worker[Monitor]:can not get master status
2014-09-05 01:52:48 Worker[Monitor]:can not get master status
2014-09-05 01:53:48 Worker[Monitor]:can not get master status
2014-09-05 01:54:48 Worker[Monitor]:can not get master status
2014-09-05 01:55:48 Worker[Monitor]:can not get master status
2014-09-05 01:56:48 Worker[Monitor]:can not get master status
2014-09-05 01:57:48 Worker[Monitor]:can not get master status
2014-09-05 01:58:48 Worker[Monitor]:can not get master status
2014-09-05 01:59:48 Worker[Monitor]:can not get master status
2014-09-05 02:00:48 Worker[Monitor]:can not get master status
2014-09-05 02:01:48 Worker[Monitor]:can not get master status
2014-09-05 02:02:48 Worker[Monitor]:can not get master status
2014-09-05 02:03:48 Worker[Monitor]:can not get master status
2014-09-05 02:04:48 Worker[Monitor]:can not get master status
2014-09-05 02:05:48 Worker[Monitor]:can not get master status
2014-09-05 02:06:48 Worker[Monitor]:can not get master status
2014-09-05 02:07:48 Worker[Monitor]:can not get master status
2014-09-05 02:08:48 Worker[Monitor]:can not get master status
2014-09-05 02:09:48 Worker[Monitor]:can not get master status
2014-09-05 02:10:48 Worker[Monitor]:can not get master status
2014-09-05 02:11:48 Worker[Monitor]:can not get master status
2014-09-05 02:12:48 Worker[Monitor]:can not get master status
2014-09-05 02:13:48 Worker[Monitor]:can not get master status
2014-09-05 02:14:48 Worker[Monitor]:can not get master status
2014-09-05 02:15:48 Worker[Monitor]:can not get master status
2014-09-05 02:16:48 Worker[Monitor]:can not get master status
2014-09-05 02:17:48 Worker[Monitor]:can not get master status
2014-09-05 02:18:48 Worker[Monitor]:can not get master status
2014-09-05 02:19:48 Worker[Monitor]:can not get master status
2014-09-05 02:20:48 Worker[Monitor]:can not get master status
2014-09-05 02:21:48 Worker[Monitor]:can not get master status
2014-09-05 02:22:48 Worker[Monitor]:can not get master status
2014-09-05 02:23:48 Worker[Monitor]:can not get master status
2014-09-05 02:24:48 Worker[Monitor]:can not get master status
2014-09-05 02:25:48 Worker[Monitor]:can not get master status
2014-09-05 02:26:48 Worker[Monitor]:can not get master status
2014-09-05 02:27:48 Worker[Monitor]:can not get master status
2014-09-05 02:28:48 Worker[Monitor]:can not get master status
2014-09-05 02:29:48 Worker[Monitor]:can not get master status
2014-09-05 02:30:48 Worker[Monitor]:can not get master status
2014-09-05 02:31:48 Worker[Monitor]:can not get master status
2014-09-05 02:32:48 Worker[Monitor]:can not get master status
2014-09-05 02:33:48 Worker[Monitor]:can not get master status
2014-09-05 02:34:48 Worker[Monitor]:can not get master status
2014-09-05 02:35:48 Worker[Monitor]:can not get master status
2014-09-05 02:36:48 Worker[Monitor]:can not get master status
2014-09-05 02:37:48 Worker[Monitor]:can not get master status
2014-09-05 02:38:48 Worker[Monitor]:can not get master status
2014-09-05 02:39:48 Worker[Monitor]:can not get master status
2014-09-05 02:40:48 Worker[Monitor]:can not get master status
2014-09-05 02:41:48 Worker[Monitor]:can not get master status
2014-09-05 02:42:48 Worker[Monitor]:can not get master status
2014-09-05 02:43:48 Worker[Monitor]:can not get master status
2014-09-05 02:44:48 Worker[Monitor]:can not get master status
2014-09-05 02:45:48 Worker[Monitor]:can not get master status
2014-09-05 02:46:48 Worker[Monitor]:can not get master status
2014-09-05 02:47:48 Worker[Monitor]:can not get master status
2014-09-05 02:48:48 Worker[Monitor]:can not get master status
2014-09-05 02:49:48 Worker[Monitor]:can not get master status
2014-09-05 02:50:48 Worker[Monitor]:can not get master status
2014-09-05 02:51:48 Worker[Monitor]:can not get master status
2014-09-05 02:52:48 Worker[Monitor]:can not get master status
2014-09-05 02:53:48 Worker[Monitor]:can not get master status
2014-09-05 02:54:48 Worker[Monitor]:can not get master status
2014-09-05 02:55:48 Worker[Monitor]:can not get master status
2014-09-05 02:56:48 Worker[Monitor]:can not get master status
2014-09-05 02:57:48 Worker[Monitor]:can not get master status
2014-09-05 02:58:48 Worker[Monitor]:can not get master status
2014-09-05 02:59:48 Worker[Monitor]:can not get master status
2014-09-05 03:00:48 Worker[Monitor]:can not get master status
2014-09-05 03:01:48 Worker[Monitor]:can not get master status
2014-09-05 03:02:48 Worker[Monitor]:can not get master status
2014-09-05 03:03:48 Worker[Monitor]:can not get master status
2014-09-05 03:04:48 Worker[Monitor]:can not get master status
2014-09-05 03:05:48 Worker[Monitor]:can not get master status
2014-09-05 03:06:48 Worker[Monitor]:can not get master status
2014-09-05 03:07:48 Worker[Monitor]:can not get master status
2014-09-05 03:08:48 Worker[Monitor]:can not get master status
2014-09-05 03:09:48 Worker[Monitor]:can not get master status
2014-09-05 03:10:48 Worker[Monitor]:can not get master status
2014-09-05 03:11:48 Worker[Monitor]:can not get master status
2014-09-05 03:12:48 Worker[Monitor]:can not get master status
2014-09-05 03:13:48 Worker[Monitor]:can not get master status
2014-09-05 03:14:48 Worker[Monitor]:can not get master status
2014-09-05 03:15:48 Worker[Monitor]:can not get master status
2014-09-05 03:16:48 Worker[Monitor]:can not get master status
2014-09-05 03:17:48 Worker[Monitor]:can not get master status
2014-09-05 03:18:48 Worker[Monitor]:can not get master status
2014-09-05 03:19:48 Worker[Monitor]:can not get master status
2014-09-05 03:20:48 Worker[Monitor]:can not get master status
2014-09-05 03:21:48 Worker[Monitor]:can not get master status
2014-09-05 03:22:48 Worker[Monitor]:can not get master status
2014-09-05 03:23:48 Worker[Monitor]:can not get master status
2014-09-05 03:24:48 Worker[Monitor]:can not get master status
2014-09-05 03:25:48 Worker[Monitor]:can not get master status
2014-09-05 03:26:48 Worker[Monitor]:can not get master status
2014-09-05 03:27:48 Worker[Monitor]:can not get master status
2014-09-05 03:28:48 Worker[Monitor]:can not get master status
2014-09-05 03:29:48 Worker[Monitor]:can not get master status
2014-09-05 03:30:48 Worker[Monitor]:can not get master status
2014-09-05 03:31:48 Worker[Monitor]:can not get master status
2014-09-05 03:32:48 Worker[Monitor]:can not get master status
2014-09-05 03:33:48 Worker[Monitor]:can not get master status
2014-09-05 03:34:48 Worker[Monitor]:can not get master status
2014-09-05 03:35:48 Worker[Monitor]:can not get master status
2014-09-05 03:36:48 Worker[Monitor]:can not get master status
2014-09-05 03:37:48 Worker[Monitor]:can not get master status
2014-09-05 03:38:48 Worker[Monitor]:can not get master status
2014-09-05 03:39:48 Worker[Monitor]:can not get master status
2014-09-05 03:40:48 Worker[Monitor]:can not get master status
2014-09-05 03:41:48 Worker[Monitor]:can not get master status
2014-09-05 03:42:48 Worker[Monitor]:can not get master status
2014-09-05 03:43:48 Worker[Monitor]:can not get master status
2014-09-05 03:44:48 Worker[Monitor]:can not get master status
2014-09-05 03:45:48 Worker[Monitor]:can not get master status
2014-09-05 03:46:48 Worker[Monitor]:can not get master status
2014-09-05 03:47:48 Worker[Monitor]:can not get master status
2014-09-05 03:48:48 Worker[Monitor]:can not get master status
2014-09-05 03:49:48 Worker[Monitor]:can not get master status
2014-09-05 03:50:48 Worker[Monitor]:can not get master status
2014-09-05 03:51:48 Worker[Monitor]:can not get master status
2014-09-05 03:52:48 Worker[Monitor]:can not get master status
2014-09-05 03:53:48 Worker[Monitor]:can not get master status
2014-09-05 03:54:48 Worker[Monitor]:can not get master status
2014-09-05 03:55:48 Worker[Monitor]:can not get master status
2014-09-05 03:56:48 Worker[Monitor]:can not get master status
2014-09-05 03:57:48 Worker[Monitor]:can not get master status
2014-09-05 03:58:48 Worker[Monitor]:can not get master status
2014-09-05 03:59:48 Worker[Monitor]:can not get master status
2014-09-05 04:00:48 Worker[Monitor]:can not get master status
2014-09-05 04:01:48 Worker[Monitor]:can not get master status
2014-09-05 04:02:48 Worker[Monitor]:can not get master status
2014-09-05 04:03:48 Worker[Monitor]:can not get master status
2014-09-05 04:04:48 Worker[Monitor]:can not get master status
2014-09-05 04:05:48 Worker[Monitor]:can not get master status
2014-09-05 04:06:48 Worker[Monitor]:can not get master status
2014-09-05 04:07:48 Worker[Monitor]:can not get master status
2014-09-05 04:08:48 Worker[Monitor]:can not get master status
2014-09-05 04:09:48 Worker[Monitor]:can not get master status
2014-09-05 04:10:48 Worker[Monitor]:can not get master status
2014-09-05 04:11:48 Worker[Monitor]:can not get master status
2014-09-05 04:12:48 Worker[Monitor]:can not get master status
2014-09-05 04:13:48 Worker[Monitor]:can not get master status
2014-09-05 04:14:48 Worker[Monitor]:can not get master status
2014-09-05 04:15:48 Worker[Monitor]:can not get master status
2014-09-05 04:16:48 Worker[Monitor]:can not get master status
2014-09-05 04:17:48 Worker[Monitor]:can not get master status
2014-09-05 04:18:48 Worker[Monitor]:can not get master status
2014-09-05 04:19:48 Worker[Monitor]:can not get master status
2014-09-05 04:20:48 Worker[Monitor]:can not get master status
2014-09-05 04:21:48 Worker[Monitor]:can not get master status
2014-09-05 04:22:48 Worker[Monitor]:can not get master status
2014-09-05 04:23:48 Worker[Monitor]:can not get master status
2014-09-05 04:24:48 Worker[Monitor]:can not get master status
2014-09-05 04:25:48 Worker[Monitor]:can not get master status
2014-09-05 04:26:48 Worker[Monitor]:can not get master status
2014-09-05 04:27:48 Worker[Monitor]:can not get master status
2014-09-05 04:28:48 Worker[Monitor]:can not get master status
2014-09-05 04:29:48 Worker[Monitor]:can not get master status
2014-09-05 04:30:48 Worker[Monitor]:can not get master status
2014-09-05 04:31:48 Worker[Monitor]:can not get master status
2014-09-05 04:32:48 Worker[Monitor]:can not get master status
2014-09-05 04:33:48 Worker[Monitor]:can not get master status
2014-09-05 04:34:48 Worker[Monitor]:can not get master status
2014-09-05 04:35:48 Worker[Monitor]:can not get master status
2014-09-05 04:36:48 Worker[Monitor]:can not get master status
2014-09-05 04:37:48 Worker[Monitor]:can not get master status
2014-09-05 04:38:48 Worker[Monitor]:can not get master status
2014-09-05 04:39:48 Worker[Monitor]:can not get master status
2014-09-05 04:40:48 Worker[Monitor]:can not get master status
2014-09-05 04:41:48 Worker[Monitor]:can not get master status
2014-09-05 04:42:48 Worker[Monitor]:can not get master status
2014-09-05 04:43:48 Worker[Monitor]:can not get master status
2014-09-05 04:44:48 Worker[Monitor]:can not get master status
2014-09-05 04:45:48 Worker[Monitor]:can not get master status
2014-09-05 04:46:48 Worker[Monitor]:can not get master status
2014-09-05 04:47:48 Worker[Monitor]:can not get master status
2014-09-05 04:48:48 Worker[Monitor]:can not get master status
2014-09-05 04:49:48 Worker[Monitor]:can not get master status
2014-09-05 04:50:48 Worker[Monitor]:can not get master status
2014-09-05 04:51:48 Worker[Monitor]:can not get master status
2014-09-05 04:52:48 Worker[Monitor]:can not get master status
2014-09-05 04:53:48 Worker[Monitor]:can not get master status
2014-09-05 04:54:48 Worker[Monitor]:can not get master status
2014-09-05 04:55:48 Worker[Monitor]:can not get master status
2014-09-05 04:56:48 Worker[Monitor]:can not get master status
2014-09-05 04:57:48 Worker[Monitor]:can not get master status
2014-09-05 04:58:48 Worker[Monitor]:can not get master status
2014-09-05 04:59:48 Worker[Monitor]:can not get master status
2014-09-05 05:00:48 Worker[Monitor]:can not get master status
2014-09-05 05:01:48 Worker[Monitor]:can not get master status
2014-09-05 05:02:48 Worker[Monitor]:can not get master status
2014-09-05 05:03:48 Worker[Monitor]:can not get master status
2014-09-05 05:04:48 Worker[Monitor]:can not get master status
2014-09-05 05:05:48 Worker[Monitor]:can not get master status
2014-09-05 05:06:48 Worker[Monitor]:can not get master status
2014-09-05 05:07:48 Worker[Monitor]:can not get master status
2014-09-05 05:08:48 Worker[Monitor]:can not get master status
2014-09-05 05:09:48 Worker[Monitor]:can not get master status
2014-09-05 05:10:48 Worker[Monitor]:can not get master status
2014-09-05 05:11:48 Worker[Monitor]:can not get master status
2014-09-05 05:12:48 Worker[Monitor]:can not get master status
2014-09-05 05:13:48 Worker[Monitor]:can not get master status
2014-09-05 05:14:48 Worker[Monitor]:can not get master status
2014-09-05 05:15:48 Worker[Monitor]:can not get master status
2014-09-05 05:16:48 Worker[Monitor]:can not get master status
2014-09-05 05:17:48 Worker[Monitor]:can not get master status
2014-09-05 05:18:48 Worker[Monitor]:can not get master status
2014-09-05 05:19:48 Worker[Monitor]:can not get master status
2014-09-05 05:20:48 Worker[Monitor]:can not get master status
2014-09-05 05:21:48 Worker[Monitor]:can not get master status
2014-09-05 05:22:48 Worker[Monitor]:can not get master status
2014-09-05 05:23:48 Worker[Monitor]:can not get master status
2014-09-05 05:24:48 Worker[Monitor]:can not get master status
2014-09-05 05:25:48 Worker[Monitor]:can not get master status
2014-09-05 05:26:48 Worker[Monitor]:can not get master status
2014-09-05 05:27:48 Worker[Monitor]:can not get master status
2014-09-05 05:28:48 Worker[Monitor]:can not get master status
2014-09-05 05:29:48 Worker[Monitor]:can not get master status
2014-09-05 05:30:48 Worker[Monitor]:can not get master status
2014-09-05 05:31:48 Worker[Monitor]:can not get master status
2014-09-05 05:32:48 Worker[Monitor]:can not get master status
2014-09-05 05:33:48 Worker[Monitor]:can not get master status
2014-09-05 05:34:48 Worker[Monitor]:can not get master status
2014-09-05 05:35:48 Worker[Monitor]:can not get master status
2014-09-05 05:36:48 Worker[Monitor]:can not get master status
2014-09-05 05:37:48 Worker[Monitor]:can not get master status
2014-09-05 05:38:48 Worker[Monitor]:can not get master status
2014-09-05 05:39:48 Worker[Monitor]:can not get master status
2014-09-05 05:40:48 Worker[Monitor]:can not get master status
2014-09-05 05:41:48 Worker[Monitor]:can not get master status
2014-09-05 05:42:48 Worker[Monitor]:can not get master status
2014-09-05 05:43:48 Worker[Monitor]:can not get master status
2014-09-05 05:44:48 Worker[Monitor]:can not get master status
2014-09-05 05:45:48 Worker[Monitor]:can not get master status
2014-09-05 05:46:48 Worker[Monitor]:can not get master status
2014-09-05 05:47:48 Worker[Monitor]:can not get master status
2014-09-05 05:48:48 Worker[Monitor]:can not get master status
2014-09-05 05:49:48 Worker[Monitor]:can not get master status
2014-09-05 05:50:48 Worker[Monitor]:can not get master status
2014-09-05 05:51:48 Worker[Monitor]:can not get master status
2014-09-05 05:52:48 Worker[Monitor]:can not get master status
2014-09-05 05:53:48 Worker[Monitor]:can not get master status
2014-09-05 05:54:48 Worker[Monitor]:can not get master status
2014-09-05 05:55:48 Worker[Monitor]:can not get master status
2014-09-05 05:56:48 Worker[Monitor]:can not get master status
2014-09-05 05:57:48 Worker[Monitor]:can not get master status
2014-09-05 05:58:48 Worker[Monitor]:can not get master status
2014-09-05 05:59:48 Worker[Monitor]:can not get master status
2014-09-05 06:00:48 Worker[Monitor]:can not get master status
2014-09-05 06:01:48 Worker[Monitor]:can not get master status
2014-09-05 06:02:48 Worker[Monitor]:can not get master status
2014-09-05 06:03:48 Worker[Monitor]:can not get master status
2014-09-05 06:04:48 Worker[Monitor]:can not get master status
2014-09-05 06:05:48 Worker[Monitor]:can not get master status
2014-09-05 06:06:48 Worker[Monitor]:can not get master status
2014-09-05 06:07:48 Worker[Monitor]:can not get master status
2014-09-05 06:08:48 Worker[Monitor]:can not get master status
2014-09-05 06:09:48 Worker[Monitor]:can not get master status
2014-09-05 06:10:48 Worker[Monitor]:can not get master status
2014-09-05 06:11:48 Worker[Monitor]:can not get master status
2014-09-05 06:12:48 Worker[Monitor]:can not get master status
2014-09-05 06:13:48 Worker[Monitor]:can not get master status
2014-09-05 06:14:48 Worker[Monitor]:can not get master status
2014-09-05 06:15:48 Worker[Monitor]:can not get master status
2014-09-05 06:16:48 Worker[Monitor]:can not get master status
2014-09-05 06:17:48 Worker[Monitor]:can not get master status
2014-09-05 06:18:48 Worker[Monitor]:can not get master status
2014-09-05 06:19:48 Worker[Monitor]:can not get master status
2014-09-05 06:20:48 Worker[Monitor]:can not get master status
2014-09-05 06:21:48 Worker[Monitor]:can not get master status
2014-09-05 06:22:48 Worker[Monitor]:can not get master status
2014-09-05 06:23:48 Worker[Monitor]:can not get master status
2014-09-05 06:24:48 Worker[Monitor]:can not get master status
2014-09-05 06:25:48 Worker[Monitor]:can not get master status
2014-09-05 06:26:48 Worker[Monitor]:can not get master status
2014-09-05 06:27:48 Worker[Monitor]:can not get master status
2014-09-05 06:28:48 Worker[Monitor]:can not get master status
2014-09-05 06:29:48 Worker[Monitor]:can not get master status
2014-09-05 06:30:48 Worker[Monitor]:can not get master status
2014-09-05 06:31:48 Worker[Monitor]:can not get master status
2014-09-05 06:32:48 Worker[Monitor]:can not get master status
2014-09-05 06:33:48 Worker[Monitor]:can not get master status
2014-09-05 06:34:48 Worker[Monitor]:can not get master status
2014-09-05 06:35:48 Worker[Monitor]:can not get master status
2014-09-05 06:36:48 Worker[Monitor]:can not get master status
2014-09-05 06:37:48 Worker[Monitor]:can not get master status
2014-09-05 06:38:48 Worker[Monitor]:can not get master status
2014-09-05 06:39:48 Worker[Monitor]:can not get master status
2014-09-05 06:40:48 Worker[Monitor]:can not get master status
2014-09-05 06:41:48 Worker[Monitor]:can not get master status
2014-09-05 06:42:48 Worker[Monitor]:can not get master status
2014-09-05 06:43:48 Worker[Monitor]:can not get master status
2014-09-05 06:44:48 Worker[Monitor]:can not get master status
2014-09-05 06:45:48 Worker[Monitor]:can not get master status
2014-09-05 06:46:48 Worker[Monitor]:can not get master status
2014-09-05 06:47:48 Worker[Monitor]:can not get master status
2014-09-05 06:48:48 Worker[Monitor]:can not get master status
2014-09-05 06:49:48 Worker[Monitor]:can not get master status
2014-09-05 06:50:48 Worker[Monitor]:can not get master status
2014-09-05 06:51:48 Worker[Monitor]:can not get master status
2014-09-05 06:52:48 Worker[Monitor]:can not get master status
2014-09-05 06:53:48 Worker[Monitor]:can not get master status
2014-09-05 06:54:48 Worker[Monitor]:can not get master status
2014-09-05 06:55:48 Worker[Monitor]:can not get master status
2014-09-05 06:56:48 Worker[Monitor]:can not get master status
2014-09-05 06:57:48 Worker[Monitor]:can not get master status
2014-09-05 06:58:48 Worker[Monitor]:can not get master status
2014-09-05 06:59:48 Worker[Monitor]:can not get master status
2014-09-05 07:00:48 Worker[Monitor]:can not get master status
2014-09-05 07:01:48 Worker[Monitor]:can not get master status
2014-09-05 07:02:48 Worker[Monitor]:can not get master status
2014-09-05 07:03:48 Worker[Monitor]:can not get master status
2014-09-05 07:04:48 Worker[Monitor]:can not get master status
2014-09-05 07:05:48 Worker[Monitor]:can not get master status
2014-09-05 07:06:48 Worker[Monitor]:can not get master status
2014-09-05 07:07:48 Worker[Monitor]:can not get master status
2014-09-05 07:08:48 Worker[Monitor]:can not get master status
2014-09-05 07:09:48 Worker[Monitor]:can not get master status
2014-09-05 07:10:48 Worker[Monitor]:can not get master status
2014-09-05 07:11:48 Worker[Monitor]:can not get master status
2014-09-05 07:12:48 Worker[Monitor]:can not get master status
2014-09-05 07:13:48 Worker[Monitor]:can not get master status
2014-09-05 07:14:48 Worker[Monitor]:can not get master status
2014-09-05 07:15:48 Worker[Monitor]:can not get master status
2014-09-05 07:16:48 Worker[Monitor]:can not get master status
2014-09-05 07:17:48 Worker[Monitor]:can not get master status
2014-09-05 07:18:48 Worker[Monitor]:can not get master status
2014-09-05 07:19:48 Worker[Monitor]:can not get master status
2014-09-05 07:20:48 Worker[Monitor]:can not get master status
2014-09-05 07:21:48 Worker[Monitor]:can not get master status
2014-09-05 07:22:48 Worker[Monitor]:can not get master status
2014-09-05 07:23:48 Worker[Monitor]:can not get master status
2014-09-05 07:24:48 Worker[Monitor]:can not get master status
2014-09-05 07:25:48 Worker[Monitor]:can not get master status
2014-09-05 07:26:48 Worker[Monitor]:can not get master status
2014-09-05 07:27:48 Worker[Monitor]:can not get master status
2014-09-05 07:28:48 Worker[Monitor]:can not get master status
2014-09-05 07:29:48 Worker[Monitor]:can not get master status
2014-09-05 07:30:48 Worker[Monitor]:can not get master status
2014-09-05 07:31:48 Worker[Monitor]:can not get master status
2014-09-05 07:32:48 Worker[Monitor]:can not get master status
2014-09-05 07:33:48 Worker[Monitor]:can not get master status
2014-09-05 07:34:48 Worker[Monitor]:can not get master status
2014-09-05 07:35:48 Worker[Monitor]:can not get master status
2014-09-05 07:36:48 Worker[Monitor]:can not get master status
2014-09-05 07:37:48 Worker[Monitor]:can not get master status
2014-09-05 07:38:48 Worker[Monitor]:can not get master status
2014-09-05 07:39:48 Worker[Monitor]:can not get master status
2014-09-05 07:40:48 Worker[Monitor]:can not get master status
2014-09-05 07:41:48 Worker[Monitor]:can not get master status
2014-09-05 07:42:48 Worker[Monitor]:can not get master status
2014-09-05 07:43:48 Worker[Monitor]:can not get master status
2014-09-05 07:44:48 Worker[Monitor]:can not get master status
2014-09-05 07:45:49 Worker[Monitor]:can not get master status
2014-09-05 07:46:49 Worker[Monitor]:can not get master status
2014-09-05 07:47:49 Worker[Monitor]:can not get master status
2014-09-05 07:48:49 Worker[Monitor]:can not get master status
2014-09-05 07:49:49 Worker[Monitor]:can not get master status
2014-09-05 07:50:49 Worker[Monitor]:can not get master status
2014-09-05 07:51:49 Worker[Monitor]:can not get master status
2014-09-05 07:52:49 Worker[Monitor]:can not get master status
2014-09-05 07:53:49 Worker[Monitor]:can not get master status
2014-09-05 07:54:49 Worker[Monitor]:can not get master status
2014-09-05 07:55:49 Worker[Monitor]:can not get master status
2014-09-05 07:56:49 Worker[Monitor]:can not get master status
2014-09-05 07:57:49 Worker[Monitor]:can not get master status
2014-09-05 07:58:49 Worker[Monitor]:can not get master status
2014-09-05 07:59:49 Worker[Monitor]:can not get master status
2014-09-05 08:00:49 Worker[Monitor]:can not get master status
2014-09-05 08:01:49 Worker[Monitor]:can not get master status
2014-09-05 08:02:49 Worker[Monitor]:can not get master status
2014-09-05 08:03:49 Worker[Monitor]:can not get master status
2014-09-05 08:04:49 Worker[Monitor]:can not get master status
2014-09-05 08:05:49 Worker[Monitor]:can not get master status
2014-09-05 08:06:49 Worker[Monitor]:can not get master status
2014-09-05 08:07:49 Worker[Monitor]:can not get master status
2014-09-05 08:08:49 Worker[Monitor]:can not get master status
2014-09-05 08:09:49 Worker[Monitor]:can not get master status
2014-09-05 08:10:49 Worker[Monitor]:can not get master status
2014-09-05 08:11:49 Worker[Monitor]:can not get master status
2014-09-05 08:12:49 Worker[Monitor]:can not get master status
2014-09-05 08:13:49 Worker[Monitor]:can not get master status
2014-09-05 08:14:49 Worker[Monitor]:can not get master status
2014-09-05 08:15:49 Worker[Monitor]:can not get master status
2014-09-05 08:16:49 Worker[Monitor]:can not get master status
2014-09-05 08:17:49 Worker[Monitor]:can not get master status
2014-09-05 08:18:49 Worker[Monitor]:can not get master status
2014-09-05 08:19:49 Worker[Monitor]:can not get master status
2014-09-05 08:20:49 Worker[Monitor]:can not get master status
2014-09-05 08:21:49 Worker[Monitor]:can not get master status
2014-09-05 08:22:49 Worker[Monitor]:can not get master status
2014-09-05 08:23:49 Worker[Monitor]:can not get master status
2014-09-05 08:24:49 Worker[Monitor]:can not get master status
2014-09-05 08:25:49 Worker[Monitor]:can not get master status
2014-09-05 08:26:49 Worker[Monitor]:can not get master status
2014-09-05 08:27:49 Worker[Monitor]:can not get master status
2014-09-05 08:28:49 Worker[Monitor]:can not get master status
2014-09-05 08:29:49 Worker[Monitor]:can not get master status
2014-09-05 08:30:49 Worker[Monitor]:can not get master status
2014-09-05 08:31:49 Worker[Monitor]:can not get master status
2014-09-05 08:32:49 Worker[Monitor]:can not get master status
2014-09-05 08:33:49 Worker[Monitor]:can not get master status
2014-09-05 08:34:49 Worker[Monitor]:can not get master status
2014-09-05 08:35:49 Worker[Monitor]:can not get master status
2014-09-05 08:36:49 Worker[Monitor]:can not get master status
2014-09-05 08:37:49 Worker[Monitor]:can not get master status
2014-09-05 08:38:49 Worker[Monitor]:can not get master status
2014-09-05 08:39:49 Worker[Monitor]:can not get master status
2014-09-05 08:40:49 Worker[Monitor]:can not get master status
2014-09-05 08:41:49 Worker[Monitor]:can not get master status
2014-09-05 08:42:49 Worker[Monitor]:can not get master status
2014-09-05 08:43:49 Worker[Monitor]:can not get master status
2014-09-05 08:44:49 Worker[Monitor]:can not get master status
2014-09-05 08:45:49 Worker[Monitor]:can not get master status
2014-09-05 08:46:49 Worker[Monitor]:can not get master status
2014-09-05 08:47:49 Worker[Monitor]:can not get master status
2014-09-05 08:48:49 Worker[Monitor]:can not get master status
2014-09-05 08:49:49 Worker[Monitor]:can not get master status
2014-09-05 08:50:49 Worker[Monitor]:can not get master status
2014-09-05 08:51:49 Worker[Monitor]:can not get master status
2014-09-05 08:52:49 Worker[Monitor]:can not get master status
2014-09-05 08:53:49 Worker[Monitor]:can not get master status
2014-09-05 08:54:49 Worker[Monitor]:can not get master status
2014-09-05 08:55:49 Worker[Monitor]:can not get master status
2014-09-05 08:56:49 Worker[Monitor]:can not get master status
2014-09-05 08:57:49 Worker[Monitor]:can not get master status
2014-09-05 08:58:49 Worker[Monitor]:can not get master status
2014-09-05 08:59:49 Worker[Monitor]:can not get master status
2014-09-05 09:00:49 Worker[Monitor]:can not get master status
2014-09-05 09:01:49 Worker[Monitor]:can not get master status
2014-09-05 09:02:49 Worker[Monitor]:can not get master status
2014-09-05 09:03:49 Worker[Monitor]:can not get master status
2014-09-05 09:04:49 Worker[Monitor]:can not get master status
2014-09-05 09:05:49 Worker[Monitor]:can not get master status
2014-09-05 09:06:49 Worker[Monitor]:can not get master status
2014-09-05 09:07:49 Worker[Monitor]:can not get master status
2014-09-05 09:08:49 Worker[Monitor]:can not get master status
2014-09-05 09:09:49 Worker[Monitor]:can not get master status
2014-09-05 09:10:49 Worker[Monitor]:can not get master status
2014-09-05 09:11:49 Worker[Monitor]:can not get master status
2014-09-05 09:12:49 Worker[Monitor]:can not get master status
2014-09-05 09:13:49 Worker[Monitor]:can not get master status
2014-09-05 09:14:49 Worker[Monitor]:can not get master status
2014-09-05 09:15:49 Worker[Monitor]:can not get master status
2014-09-05 09:16:49 Worker[Monitor]:can not get master status
2014-09-05 09:17:49 Worker[Monitor]:can not get master status
2014-09-05 09:18:49 Worker[Monitor]:can not get master status
2014-09-05 09:19:49 Worker[Monitor]:can not get master status
2014-09-05 09:20:49 Worker[Monitor]:can not get master status
2014-09-05 09:21:49 Worker[Monitor]:can not get master status
2014-09-05 09:22:49 Worker[Monitor]:can not get master status
2014-09-05 09:23:49 Worker[Monitor]:can not get master status
2014-09-05 09:24:49 Worker[Monitor]:can not get master status
2014-09-05 09:25:49 Worker[Monitor]:can not get master status
2014-09-05 09:26:49 Worker[Monitor]:can not get master status
2014-09-05 09:27:49 Worker[Monitor]:can not get master status
2014-09-05 09:28:49 Worker[Monitor]:can not get master status
2014-09-05 09:29:49 Worker[Monitor]:can not get master status
2014-09-05 09:30:49 Worker[Monitor]:can not get master status
2014-09-05 09:31:49 Worker[Monitor]:can not get master status
2014-09-05 09:32:49 Worker[Monitor]:can not get master status
2014-09-05 09:33:49 Worker[Monitor]:can not get master status
2014-09-05 09:34:49 Worker[Monitor]:can not get master status
2014-09-05 09:35:49 Worker[Monitor]:can not get master status
2014-09-05 09:36:49 Worker[Monitor]:can not get master status
2014-09-05 09:37:49 Worker[Monitor]:can not get master status
2014-09-05 09:38:49 Worker[Monitor]:can not get master status
2014-09-05 09:39:49 Worker[Monitor]:can not get master status
2014-09-05 09:40:49 Worker[Monitor]:can not get master status
2014-09-05 09:41:49 Worker[Monitor]:can not get master status
2014-09-05 09:42:49 Worker[Monitor]:can not get master status
2014-09-05 09:43:25 Server:Workerman is shutting down
2014-09-05 09:43:25 Server:Workerman stoped
2014-09-05 09:43:29 Server:Workerman is starting ...
2014-09-05 09:43:30 Server:[1A
[KWorkerman start success ...[0m
2014-09-05 09:44:30 Worker[Monitor]:can not get master status
2014-09-05 09:45:30 Worker[Monitor]:can not get master status
2014-09-05 09:46:30 Worker[Monitor]:can not get master status
2014-09-05 09:47:30 Worker[Monitor]:can not get master status
2014-09-05 09:48:30 Worker[Monitor]:can not get master status
2014-09-05 09:49:30 Worker[Monitor]:can not get master status
2014-09-05 09:50:30 Worker[Monitor]:can not get master status
2014-09-05 09:51:30 Worker[Monitor]:can not get master status
2014-09-05 09:52:30 Worker[Monitor]:can not get master status
2014-09-05 09:53:30 Worker[Monitor]:can not get master status
2014-09-05 09:54:30 Worker[Monitor]:can not get master status
2014-09-05 09:55:30 Worker[Monitor]:can not get master status
2014-09-05 09:56:30 Worker[Monitor]:can not get master status
2014-09-05 09:57:30 Worker[Monitor]:can not get master status
2014-09-05 09:58:30 Worker[Monitor]:can not get master status
2014-09-05 09:59:30 Worker[Monitor]:can not get master status
2014-09-05 10:00:30 Worker[Monitor]:can not get master status
2014-09-05 10:01:30 Worker[Monitor]:can not get master status
2014-09-05 10:02:30 Worker[Monitor]:can not get master status
2014-09-05 10:03:30 Worker[Monitor]:can not get master status
2014-09-05 10:04:30 Worker[Monitor]:can not get master status
2014-09-05 10:05:30 Worker[Monitor]:can not get master status
2014-09-05 10:05:37 Server:Workerman is shutting down
2014-09-05 10:05:37 Server:Workerman stoped
2014-09-05 10:05:41 Server:Workerman is starting ...
2014-09-05 10:05:41 Server:[1A
[KWorkerman start success ...[0m
2014-09-05 13:56:03 Server:Workerman is shutting down
2014-09-05 13:56:03 Server:Workerman stoped
2014-09-05 13:56:06 Server:Workerman is starting ...
2014-09-05 13:56:06 Server:[1A
[KWorkerman start success ...[0m
2014-09-05 14:06:06 Worker[Monitor]:worker:StatisticWorker pid:1172 memory exceeds the maximum 136112>=124000
2014-09-05 14:07:06 Worker[Monitor]:worker:StatisticWorker pid:1175 memory exceeds the maximum 136392>=124000
2014-09-05 14:09:06 Worker[Monitor]:worker:StatisticWorker pid:1168 memory exceeds the maximum 131856>=124000
2014-09-05 14:11:06 Worker[Monitor]:worker:StatisticWorker pid:1173 memory exceeds the maximum 139392>=124000
2014-09-05 14:13:06 Worker[Monitor]:worker:StatisticWorker pid:1170 memory exceeds the maximum 133912>=124000
2014-09-05 14:14:06 Worker[Monitor]:worker:StatisticWorker pid:1196 memory exceeds the maximum 130448>=124000
2014-09-05 14:15:06 Worker[Monitor]:worker:StatisticWorker pid:1193 memory exceeds the maximum 127340>=124000
2014-09-05 14:19:06 Worker[Monitor]:worker:StatisticWorker pid:1202 memory exceeds the maximum 137408>=124000
2014-09-05 14:19:06 Worker[Monitor]:worker:StatisticWorker pid:1204 memory exceeds the maximum 127768>=124000
2014-09-05 14:20:06 Worker[Monitor]:worker:StatisticWorker pid:1198 memory exceeds the maximum 132168>=124000
2014-09-05 14:23:06 Worker[Monitor]:worker:StatisticWorker pid:1162 memory exceeds the maximum 127640>=124000
2014-09-05 14:23:06 Worker[Monitor]:worker:StatisticWorker pid:1208 memory exceeds the maximum 129320>=124000
2014-09-05 14:27:06 Worker[Monitor]:worker:StatisticWorker pid:1206 memory exceeds the maximum 131508>=124000
2014-09-05 14:27:06 Worker[Monitor]:worker:StatisticWorker pid:1210 memory exceeds the maximum 142968>=124000
2014-09-05 14:29:06 Worker[Monitor]:worker:StatisticWorker pid:1216 memory exceeds the maximum 134800>=124000
2014-09-05 14:30:06 Worker[Monitor]:worker:StatisticWorker pid:1212 memory exceeds the maximum 124740>=124000
2014-09-05 14:30:06 Worker[Monitor]:worker:StatisticWorker pid:1218 memory exceeds the maximum 124144>=124000
2014-09-05 14:36:06 Worker[Monitor]:worker:StatisticWorker pid:1223 memory exceeds the maximum 141504>=124000
2014-09-05 14:36:06 Worker[Monitor]:worker:StatisticWorker pid:1226 memory exceeds the maximum 128696>=124000
2014-09-05 14:38:06 Worker[Monitor]:worker:StatisticWorker pid:1230 memory exceeds the maximum 124188>=124000
2014-09-05 14:39:06 Worker[Monitor]:worker:StatisticWorker pid:1219 memory exceeds the maximum 128040>=124000
2014-09-05 14:39:06 Worker[Monitor]:worker:StatisticWorker pid:1232 memory exceeds the maximum 125412>=124000
2014-09-05 14:40:06 Worker[Monitor]:worker:StatisticWorker pid:1222 memory exceeds the maximum 126536>=124000
2014-09-05 14:44:06 Worker[Monitor]:worker:StatisticWorker pid:1238 memory exceeds the maximum 133372>=124000
2014-09-05 14:46:06 Worker[Monitor]:worker:StatisticWorker pid:1240 memory exceeds the maximum 127452>=124000
2014-09-05 14:47:06 Worker[Monitor]:worker:StatisticWorker pid:1235 memory exceeds the maximum 130128>=124000
2014-09-05 14:48:06 Worker[Monitor]:worker:StatisticWorker pid:1161 memory exceeds the maximum 124676>=124000
2014-09-05 14:48:06 Worker[Monitor]:worker:StatisticWorker pid:1242 memory exceeds the maximum 130176>=124000
2014-09-05 14:52:06 Worker[Monitor]:worker:StatisticWorker pid:1246 memory exceeds the maximum 124264>=124000
2014-09-05 14:54:06 Worker[Monitor]:worker:StatisticWorker pid:1252 memory exceeds the maximum 136732>=124000
2014-09-05 14:55:06 Worker[Monitor]:worker:StatisticWorker pid:1250 memory exceeds the maximum 134576>=124000
2014-09-05 14:57:06 Worker[Monitor]:worker:StatisticWorker pid:1254 memory exceeds the maximum 127668>=124000
2014-09-05 14:58:07 Worker[Monitor]:worker:StatisticWorker pid:1248 memory exceeds the maximum 125964>=124000
2014-09-05 14:58:07 Worker[Monitor]:worker:StatisticWorker pid:1256 memory exceeds the maximum 126500>=124000
2014-09-05 15:01:07 Worker[Monitor]:worker:StatisticWorker pid:1260 memory exceeds the maximum 127736>=124000
2014-09-05 15:02:07 Worker[Monitor]:worker:StatisticWorker pid:1234 memory exceeds the maximum 125044>=124000
2014-09-05 15:06:07 Worker[Monitor]:worker:StatisticWorker pid:1266 memory exceeds the maximum 127328>=124000
2014-09-05 15:06:07 Worker[Monitor]:worker:StatisticWorker pid:1272 memory exceeds the maximum 129024>=124000
2014-09-05 15:06:07 Worker[Monitor]:worker:StatisticWorker pid:1273 memory exceeds the maximum 133720>=124000
2014-09-05 15:09:07 Worker[Monitor]:worker:StatisticWorker pid:1262 memory exceeds the maximum 125244>=124000
2014-09-05 15:09:07 Worker[Monitor]:worker:StatisticWorker pid:1264 memory exceeds the maximum 125572>=124000
2014-09-05 15:13:07 Worker[Monitor]:worker:StatisticWorker pid:1288 memory exceeds the maximum 129924>=124000
2014-09-05 15:14:07 Worker[Monitor]:worker:StatisticWorker pid:1289 memory exceeds the maximum 135408>=124000
2014-09-05 15:14:07 Worker[Monitor]:worker:StatisticWorker pid:1290 memory exceeds the maximum 124496>=124000
